INFO - 

######################################################################
INFO - ðŸš€ ì‹¤í–‰ ì‹œìž‘: 2025-11-20 17:57:06
INFO - ######################################################################

INFO - âœ… Neo4j ì—°ê²°
INFO - Received notification from DBMS server: {severity: INFORMATION} {code: Neo.ClientNotification.Schema.IndexOrConstraintAlreadyExists} {category: SCHEMA} {title: `CREATE RANGE INDEX IF NOT EXISTS FOR (e:Article) ON (e.uid)` has no effect.} {description: `RANGE INDEX index_9755e5ee FOR (e:Article) ON (e.uid)` already exists.} {position: None} for query: 'CREATE INDEX IF NOT EXISTS FOR (a:Article) ON (a.uid)'
INFO - Received notification from DBMS server: {severity: INFORMATION} {code: Neo.ClientNotification.Schema.IndexOrConstraintAlreadyExists} {category: SCHEMA} {title: `CREATE RANGE INDEX IF NOT EXISTS FOR (e:Article) ON (e.article_id)` has no effect.} {description: `RANGE INDEX index_8d08c679 FOR (e:Article) ON (e.article_id)` already exists.} {position: None} for query: 'CREATE INDEX IF NOT EXISTS FOR (a:Article) ON (a.article_id)'
INFO - Received notification from DBMS server: {severity: INFORMATION} {code: Neo.ClientNotification.Schema.IndexOrConstraintAlreadyExists} {category: SCHEMA} {title: `CREATE RANGE INDEX IF NOT EXISTS FOR (e:Article) ON (e.law_code)` has no effect.} {description: `RANGE INDEX index_9750b603 FOR (e:Article) ON (e.law_code)` already exists.} {position: None} for query: 'CREATE INDEX IF NOT EXISTS FOR (a:Article) ON (a.law_code)'
INFO - Received notification from DBMS server: {severity: INFORMATION} {code: Neo.ClientNotification.Schema.IndexOrConstraintAlreadyExists} {category: SCHEMA} {title: `CREATE RANGE INDEX IF NOT EXISTS FOR (e:Clause) ON (e.uid)` has no effect.} {description: `RANGE INDEX index_983f95a3 FOR (e:Clause) ON (e.uid)` already exists.} {position: None} for query: 'CREATE INDEX IF NOT EXISTS FOR (c:Clause) ON (c.uid)'
INFO - Received notification from DBMS server: {severity: INFORMATION} {code: Neo.ClientNotification.Schema.IndexOrConstraintAlreadyExists} {category: SCHEMA} {title: `CREATE RANGE INDEX IF NOT EXISTS FOR (e:Item) ON (e.uid)` has no effect.} {description: `RANGE INDEX index_ea216375 FOR (e:Item) ON (e.uid)` already exists.} {position: None} for query: 'CREATE INDEX IF NOT EXISTS FOR (i:Item) ON (i.uid)'
INFO - Received notification from DBMS server: {severity: INFORMATION} {code: Neo.ClientNotification.Schema.IndexOrConstraintAlreadyExists} {category: SCHEMA} {title: `CREATE RANGE INDEX IF NOT EXISTS FOR (e:Subitem) ON (e.uid)` has no effect.} {description: `RANGE INDEX index_d0dc505c FOR (e:Subitem) ON (e.uid)` already exists.} {position: None} for query: 'CREATE INDEX IF NOT EXISTS FOR (s:Subitem) ON (s.uid)'
INFO - âœ… ì¸ë±ìŠ¤
INFO - 
======================================================================
INFO - ê±´ì¶•ë²• ì²˜ë¦¬
INFO - ======================================================================
INFO - ðŸ“„ ê±´ì¶•ë²•(ë²•ë¥ )(ì œ21065í˜¸)(20251001).pdf
INFO - âœ… 97,345ìž (ëª©ì°¨ 4p ì œì™¸)
INFO - âœ… BUILDING-Act: 147ê°œ ì¡°í•­
INFO - ðŸ”¨ BUILDING-Act (BuildingAct) êµ¬ì¶•...
INFO - âœ… BUILDING-Act
INFO - ðŸ“„ ê±´ì¶•ë²• ì‹œí–‰ë ¹(ëŒ€í†µë ¹ë ¹)(ì œ35811í˜¸)(20251001).pdf
INFO - âœ… 125,803ìž (ëª©ì°¨ 5p ì œì™¸)
INFO - âœ… BUILDING-Decree: 136ê°œ ì¡°í•­
INFO - ðŸ”¨ BUILDING-Decree (BuildingDecree) êµ¬ì¶•...
INFO - âœ… BUILDING-Decree
INFO - ðŸ“„ ê±´ì¶•ë²• ì‹œí–‰ê·œì¹™(êµ­í† êµí†µë¶€ë ¹)(ì œ01531í˜¸)(20251031).pdf
INFO - âœ… 44,065ìž (ëª©ì°¨ 2p ì œì™¸)
INFO - âœ… BUILDING-Rule: 67ê°œ ì¡°í•­
INFO - ðŸ”¨ BUILDING-Rule (BuildingRule) êµ¬ì¶•...
INFO - âœ… BUILDING-Rule
INFO - 
======================================================================
INFO - ê±´ì¶•ë¬¼ê´€ë¦¬ë²• ì²˜ë¦¬
INFO - ======================================================================
INFO - ðŸ“„ ê±´ì¶•ë¬¼ê´€ë¦¬ë²•(ë²•ë¥ )(ì œ20549í˜¸)(20250604).pdf
INFO - âœ… 35,954ìž (ëª©ì°¨ 2p ì œì™¸)
INFO - âœ… BUILDING_MGMT-Act: 59ê°œ ì¡°í•­
INFO - ðŸ”¨ BUILDING_MGMT-Act (BuildingMgmtAct) êµ¬ì¶•...
INFO - âœ… BUILDING_MGMT-Act
INFO - ðŸ“„ ê±´ì¶•ë¬¼ê´€ë¦¬ë²• ì‹œí–‰ë ¹(ëŒ€í†µë ¹ë ¹)(ì œ35549í˜¸)(20250604).pdf
INFO - âœ… 28,564ìž (ëª©ì°¨ 0p ì œì™¸)
INFO - âœ… BUILDING_MGMT-Decree: 44ê°œ ì¡°í•­
INFO - ðŸ”¨ BUILDING_MGMT-Decree (BuildingMgmtDecree) êµ¬ì¶•...
INFO - âœ… BUILDING_MGMT-Decree
INFO - ðŸ“„ ê±´ì¶•ë¬¼ê´€ë¦¬ë²• ì‹œí–‰ê·œì¹™(êµ­í† êµí†µë¶€ë ¹)(ì œ01495í˜¸)(20250602).pdf
INFO - âœ… 12,757ìž (ëª©ì°¨ 1p ì œì™¸)
INFO - âœ… BUILDING_MGMT-Rule: 25ê°œ ì¡°í•­
INFO - ðŸ”¨ BUILDING_MGMT-Rule (BuildingMgmtRule) êµ¬ì¶•...
INFO - âœ… BUILDING_MGMT-Rule
INFO - 
======================================================================
INFO - ðŸ”— ê´€ê³„ ìƒì„±...
INFO - ðŸ” ì´ 479ê°œ ì¡°í•­ ë¶„ì„ ì‹œìž‘...
INFO - ðŸ’¾ REFERS_TO 2670ê°œ ì €ìž¥ ì¤‘...
INFO - ðŸ’¾ DELEGATES_TO 623ê°œ ì €ìž¥ ì¤‘...
INFO - ðŸ’¾ CROSS_REFERS_TO 0ê°œ ì €ìž¥ ì¤‘...
INFO - âœ… ê´€ê³„ ìƒì„± ì™„ë£Œ
INFO - âœ… ëª¨ë“  ìž‘ì—… ì™„ë£Œ!
INFO - 

######################################################################
INFO - ðŸš€ ì‹¤í–‰ ì‹œìž‘: 2025-11-20 18:00:24
INFO - ######################################################################

INFO - âœ… Neo4j ì—°ê²°
INFO - Received notification from DBMS server: {severity: INFORMATION} {code: Neo.ClientNotification.Schema.IndexOrConstraintAlreadyExists} {category: SCHEMA} {title: `CREATE RANGE INDEX IF NOT EXISTS FOR (e:Article) ON (e.uid)` has no effect.} {description: `RANGE INDEX index_9755e5ee FOR (e:Article) ON (e.uid)` already exists.} {position: None} for query: 'CREATE INDEX IF NOT EXISTS FOR (a:Article) ON (a.uid)'
INFO - Received notification from DBMS server: {severity: INFORMATION} {code: Neo.ClientNotification.Schema.IndexOrConstraintAlreadyExists} {category: SCHEMA} {title: `CREATE RANGE INDEX IF NOT EXISTS FOR (e:Article) ON (e.article_id)` has no effect.} {description: `RANGE INDEX index_8d08c679 FOR (e:Article) ON (e.article_id)` already exists.} {position: None} for query: 'CREATE INDEX IF NOT EXISTS FOR (a:Article) ON (a.article_id)'
INFO - Received notification from DBMS server: {severity: INFORMATION} {code: Neo.ClientNotification.Schema.IndexOrConstraintAlreadyExists} {category: SCHEMA} {title: `CREATE RANGE INDEX IF NOT EXISTS FOR (e:Article) ON (e.law_code)` has no effect.} {description: `RANGE INDEX index_9750b603 FOR (e:Article) ON (e.law_code)` already exists.} {position: None} for query: 'CREATE INDEX IF NOT EXISTS FOR (a:Article) ON (a.law_code)'
INFO - Received notification from DBMS server: {severity: INFORMATION} {code: Neo.ClientNotification.Schema.IndexOrConstraintAlreadyExists} {category: SCHEMA} {title: `CREATE RANGE INDEX IF NOT EXISTS FOR (e:Clause) ON (e.uid)` has no effect.} {description: `RANGE INDEX index_983f95a3 FOR (e:Clause) ON (e.uid)` already exists.} {position: None} for query: 'CREATE INDEX IF NOT EXISTS FOR (c:Clause) ON (c.uid)'
INFO - Received notification from DBMS server: {severity: INFORMATION} {code: Neo.ClientNotification.Schema.IndexOrConstraintAlreadyExists} {category: SCHEMA} {title: `CREATE RANGE INDEX IF NOT EXISTS FOR (e:Item) ON (e.uid)` has no effect.} {description: `RANGE INDEX index_ea216375 FOR (e:Item) ON (e.uid)` already exists.} {position: None} for query: 'CREATE INDEX IF NOT EXISTS FOR (i:Item) ON (i.uid)'
INFO - Received notification from DBMS server: {severity: INFORMATION} {code: Neo.ClientNotification.Schema.IndexOrConstraintAlreadyExists} {category: SCHEMA} {title: `CREATE RANGE INDEX IF NOT EXISTS FOR (e:Subitem) ON (e.uid)` has no effect.} {description: `RANGE INDEX index_d0dc505c FOR (e:Subitem) ON (e.uid)` already exists.} {position: None} for query: 'CREATE INDEX IF NOT EXISTS FOR (s:Subitem) ON (s.uid)'
INFO - âœ… ì¸ë±ìŠ¤
INFO - 
======================================================================
INFO - ê±´ì¶•ë²• ì²˜ë¦¬
INFO - ======================================================================
INFO - ðŸ“„ ê±´ì¶•ë²•(ë²•ë¥ )(ì œ21065í˜¸)(20251001).pdf
INFO - âœ… 97,345ìž (ëª©ì°¨ 4p ì œì™¸)
INFO - âœ… BUILDING-Act: 147ê°œ ì¡°í•­
INFO - ðŸ”¨ BUILDING-Act (BuildingAct) êµ¬ì¶•...
INFO - âœ… BUILDING-Act
INFO - ðŸ“„ ê±´ì¶•ë²• ì‹œí–‰ë ¹(ëŒ€í†µë ¹ë ¹)(ì œ35811í˜¸)(20251001).pdf
INFO - âœ… 125,803ìž (ëª©ì°¨ 5p ì œì™¸)
INFO - âœ… BUILDING-Decree: 136ê°œ ì¡°í•­
INFO - ðŸ”¨ BUILDING-Decree (BuildingDecree) êµ¬ì¶•...
INFO - âœ… BUILDING-Decree
INFO - ðŸ“„ ê±´ì¶•ë²• ì‹œí–‰ê·œì¹™(êµ­í† êµí†µë¶€ë ¹)(ì œ01531í˜¸)(20251031).pdf
INFO - âœ… 44,065ìž (ëª©ì°¨ 2p ì œì™¸)
INFO - âœ… BUILDING-Rule: 67ê°œ ì¡°í•­
INFO - ðŸ”¨ BUILDING-Rule (BuildingRule) êµ¬ì¶•...
INFO - âœ… BUILDING-Rule
INFO - 
======================================================================
INFO - ê±´ì¶•ë¬¼ê´€ë¦¬ë²• ì²˜ë¦¬
INFO - ======================================================================
INFO - ðŸ“„ ê±´ì¶•ë¬¼ê´€ë¦¬ë²•(ë²•ë¥ )(ì œ20549í˜¸)(20250604).pdf
INFO - âœ… 35,954ìž (ëª©ì°¨ 2p ì œì™¸)
INFO - âœ… BUILDING_MGMT-Act: 59ê°œ ì¡°í•­
INFO - ðŸ”¨ BUILDING_MGMT-Act (BuildingMgmtAct) êµ¬ì¶•...
INFO - âœ… BUILDING_MGMT-Act
INFO - ðŸ“„ ê±´ì¶•ë¬¼ê´€ë¦¬ë²• ì‹œí–‰ë ¹(ëŒ€í†µë ¹ë ¹)(ì œ35549í˜¸)(20250604).pdf
INFO - âœ… 28,564ìž (ëª©ì°¨ 0p ì œì™¸)
INFO - âœ… BUILDING_MGMT-Decree: 44ê°œ ì¡°í•­
INFO - ðŸ”¨ BUILDING_MGMT-Decree (BuildingMgmtDecree) êµ¬ì¶•...
INFO - âœ… BUILDING_MGMT-Decree
INFO - ðŸ“„ ê±´ì¶•ë¬¼ê´€ë¦¬ë²• ì‹œí–‰ê·œì¹™(êµ­í† êµí†µë¶€ë ¹)(ì œ01495í˜¸)(20250602).pdf
INFO - âœ… 12,757ìž (ëª©ì°¨ 1p ì œì™¸)
INFO - âœ… BUILDING_MGMT-Rule: 25ê°œ ì¡°í•­
INFO - ðŸ”¨ BUILDING_MGMT-Rule (BuildingMgmtRule) êµ¬ì¶•...
INFO - âœ… BUILDING_MGMT-Rule
INFO - 
======================================================================
INFO - ðŸ”— ê´€ê³„ ìƒì„±...
INFO - ðŸ” ì´ 479ê°œ ì¡°í•­ ë¶„ì„ ì‹œìž‘...
INFO - ðŸ’¾ REFERS_TO 2670ê°œ ì €ìž¥ ì¤‘...
INFO - ðŸ’¾ DELEGATES_TO 623ê°œ ì €ìž¥ ì¤‘...
INFO - ðŸ’¾ CROSS_REFERS_TO 0ê°œ ì €ìž¥ ì¤‘...
INFO - âœ… ê´€ê³„ ìƒì„± ì™„ë£Œ
INFO - 
======================================================================
ðŸ“Š Graph Database í†µê³„
======================================================================

[ë²•ë ¹ë³„ ì¡°í•­ ìˆ˜]

ê±´ì¶•ë²•
  Act     :  148ê°œ
  Decree  :  136ê°œ
  Rule    :   67ê°œ


ê±´ì¶•ë¬¼ê´€ë¦¬ë²•
  Act     :   59ê°œ
  Decree  :   44ê°œ
  Rule    :   25ê°œ


ì „ì²´ ë…¸ë“œ:
  Article  : 479
  Clause   : 1,480
  Item     : 2,026
  Subitem  : 371
  í•©ê³„     : 4,356

[ê´€ê³„:]
  CONTAINS       : 3,877
  REFERS_TO      : 1,571
  DELEGATES_TO   : 356
  CROSS_REFERS_TO: 58
  í•©ê³„           : 5,862
======================================================================

INFO - âœ… ëª¨ë“  ìž‘ì—… ì™„ë£Œ!
INFO - 

######################################################################
INFO - ðŸš€ ì‹¤í–‰ ì‹œìž‘: 2025-12-15 16:26:14
INFO - ######################################################################

INFO - Use pytorch device_name: cuda:0
INFO - Load pretrained SentenceTransformer: distiluse-base-multilingual-cased-v1
INFO - âœ… ìž„ë² ë”© ëª¨ë¸ ë¡œë“œ: distiluse-base-multilingual-cased-v1 (512ì°¨ì›)
INFO - âœ… Neo4j ì—°ê²°
WARNING - âš ï¸  ë²¡í„° ì¸ë±ìŠ¤ ìƒì„± ì‹¤íŒ¨ (ë²„ì „ í™•ì¸ í•„ìš”): Cannot resolve address 28e591d1.databases.neo4j.io:7687
INFO - âœ… ì¸ë±ìŠ¤
INFO - 
======================================================================
INFO - ê±´ì¶•ë²• ì²˜ë¦¬
INFO - ======================================================================
INFO - ðŸ“„ ê±´ì¶•ë²•(ë²•ë¥ )(ì œ21065í˜¸)(20251001).pdf
INFO - âœ… 97,345ìž (ëª©ì°¨ 4p ì œì™¸)
INFO - âœ… BUILDING-Act: 147ê°œ ì¡°í•­
INFO - ðŸ”¨ BUILDING-Act (BuildingAct) êµ¬ì¶•...
ERROR - âŒ Cannot resolve address 28e591d1.databases.neo4j.io:7687
Traceback (most recent call last):
  File "/home/jaehyeonpark/miniconda3/envs/rag-playground/lib/python3.10/site-packages/neo4j/_async_compat/network/_util.py", line 144, in _dns_resolver
    info = NetworkUtil.get_address_info(
  File "/home/jaehyeonpark/miniconda3/envs/rag-playground/lib/python3.10/site-packages/neo4j/_async_compat/network/_util.py", line 130, in get_address_info
    return socket.getaddrinfo(host, port, family, type, proto, flags)
  File "/home/jaehyeonpark/miniconda3/envs/rag-playground/lib/python3.10/socket.py", line 967, in getaddrinfo
    for res in _socket.getaddrinfo(host, port, family, type, proto, flags):
socket.gaierror: [Errno -2] Name or service not known

The above exception was the direct cause of the following exception:

Traceback (most recent call last):
  File "/home/jaehyeonpark/Desktop/rag/neo4j_build_graph.py", line 812, in main
    builder.build(parsed, law_def)
  File "/home/jaehyeonpark/Desktop/rag/neo4j_build_graph.py", line 464, in build
    self._build_article(session, art, law_code, law_type, label)
  File "/home/jaehyeonpark/Desktop/rag/neo4j_build_graph.py", line 477, in _build_article
    session.run(f"""
  File "/home/jaehyeonpark/miniconda3/envs/rag-playground/lib/python3.10/site-packages/neo4j/_sync/work/session.py", line 315, in run
    self._connect(self._config.default_access_mode)
  File "/home/jaehyeonpark/miniconda3/envs/rag-playground/lib/python3.10/site-packages/neo4j/_sync/work/session.py", line 136, in _connect
    super()._connect(
  File "/home/jaehyeonpark/miniconda3/envs/rag-playground/lib/python3.10/site-packages/neo4j/_sync/work/workspace.py", line 186, in _connect
    target_db = self._get_routing_target_database(
  File "/home/jaehyeonpark/miniconda3/envs/rag-playground/lib/python3.10/site-packages/neo4j/_sync/work/workspace.py", line 260, in _get_routing_target_database
    self._pool.update_routing_table(
  File "/home/jaehyeonpark/miniconda3/envs/rag-playground/lib/python3.10/site-packages/neo4j/_sync/io/_pool.py", line 985, in update_routing_table
    self._update_routing_table_from(
  File "/home/jaehyeonpark/miniconda3/envs/rag-playground/lib/python3.10/site-packages/neo4j/_sync/io/_pool.py", line 913, in _update_routing_table_from
    for address in NetworkUtil.resolve_address(
  File "/home/jaehyeonpark/miniconda3/envs/rag-playground/lib/python3.10/site-packages/neo4j/_async_compat/network/_util.py", line 196, in resolve_address
    for address_dns_resolved in NetworkUtil._dns_resolver(
  File "/home/jaehyeonpark/miniconda3/envs/rag-playground/lib/python3.10/site-packages/neo4j/_async_compat/network/_util.py", line 151, in _dns_resolver
    raise ValueError(f"Cannot resolve address {address}") from e
ValueError: Cannot resolve address 28e591d1.databases.neo4j.io:7687
INFO - 

######################################################################
INFO - ðŸš€ ì‹¤í–‰ ì‹œìž‘: 2025-12-15 16:27:03
INFO - ######################################################################

INFO - âœ… Neo4j ì—°ê²°
INFO - âœ… ì¸ë±ìŠ¤
INFO - 
======================================================================
INFO - ê±´ì¶•ë²• ì²˜ë¦¬
INFO - ======================================================================
INFO - ðŸ“„ ê±´ì¶•ë²•(ë²•ë¥ )(ì œ21065í˜¸)(20251001).pdf
INFO - âœ… 97,345ìž (ëª©ì°¨ 4p ì œì™¸)
INFO - âœ… BUILDING-Act: 147ê°œ ì¡°í•­
INFO - ðŸ”¨ BUILDING-Act (BuildingAct) êµ¬ì¶•...
INFO - âœ… BUILDING-Act
INFO - ðŸ“„ ê±´ì¶•ë²• ì‹œí–‰ë ¹(ëŒ€í†µë ¹ë ¹)(ì œ35811í˜¸)(20251001).pdf
INFO - âœ… 125,803ìž (ëª©ì°¨ 5p ì œì™¸)
INFO - âœ… BUILDING-Decree: 136ê°œ ì¡°í•­
INFO - ðŸ”¨ BUILDING-Decree (BuildingDecree) êµ¬ì¶•...
INFO - âœ… BUILDING-Decree
INFO - ðŸ“„ ê±´ì¶•ë²• ì‹œí–‰ê·œì¹™(êµ­í† êµí†µë¶€ë ¹)(ì œ01531í˜¸)(20251031).pdf
INFO - âœ… 44,065ìž (ëª©ì°¨ 2p ì œì™¸)
INFO - âœ… BUILDING-Rule: 67ê°œ ì¡°í•­
INFO - ðŸ”¨ BUILDING-Rule (BuildingRule) êµ¬ì¶•...
INFO - âœ… BUILDING-Rule
INFO - 
======================================================================
INFO - ê±´ì¶•ë¬¼ê´€ë¦¬ë²• ì²˜ë¦¬
INFO - ======================================================================
INFO - ðŸ“„ ê±´ì¶•ë¬¼ê´€ë¦¬ë²•(ë²•ë¥ )(ì œ20549í˜¸)(20250604).pdf
INFO - âœ… 35,954ìž (ëª©ì°¨ 2p ì œì™¸)
INFO - âœ… BUILDING_MGMT-Act: 59ê°œ ì¡°í•­
INFO - ðŸ”¨ BUILDING_MGMT-Act (BuildingMgmtAct) êµ¬ì¶•...
INFO - âœ… BUILDING_MGMT-Act
INFO - ðŸ“„ ê±´ì¶•ë¬¼ê´€ë¦¬ë²• ì‹œí–‰ë ¹(ëŒ€í†µë ¹ë ¹)(ì œ35549í˜¸)(20250604).pdf
INFO - âœ… 28,564ìž (ëª©ì°¨ 0p ì œì™¸)
INFO - âœ… BUILDING_MGMT-Decree: 44ê°œ ì¡°í•­
INFO - ðŸ”¨ BUILDING_MGMT-Decree (BuildingMgmtDecree) êµ¬ì¶•...
INFO - âœ… BUILDING_MGMT-Decree
INFO - ðŸ“„ ê±´ì¶•ë¬¼ê´€ë¦¬ë²• ì‹œí–‰ê·œì¹™(êµ­í† êµí†µë¶€ë ¹)(ì œ01495í˜¸)(20250602).pdf
INFO - âœ… 12,757ìž (ëª©ì°¨ 1p ì œì™¸)
INFO - âœ… BUILDING_MGMT-Rule: 25ê°œ ì¡°í•­
INFO - ðŸ”¨ BUILDING_MGMT-Rule (BuildingMgmtRule) êµ¬ì¶•...
INFO - âœ… BUILDING_MGMT-Rule
INFO - 
======================================================================
INFO - ðŸ”— ê´€ê³„ ìƒì„±...
INFO - ðŸ” ì´ 478ê°œ ì¡°í•­ ë¶„ì„ ì‹œìž‘...
INFO - ðŸ’¾ REFERS_TO 2666ê°œ ì €ìž¥ ì¤‘...
INFO - ðŸ’¾ DELEGATES_TO 623ê°œ ì €ìž¥ ì¤‘...
INFO - ðŸ’¾ CROSS_REFERS_TO 0ê°œ ì €ìž¥ ì¤‘...
INFO - âœ… ê´€ê³„ ìƒì„± ì™„ë£Œ
WARNING - Received notification from DBMS server: {severity: WARNING} {code: Neo.ClientNotification.Statement.UnknownRelationshipTypeWarning} {category: UNRECOGNIZED} {title: The provided relationship type is not in the database.} {description: One of the relationship types in your query is not available in the database, make sure you didn't misspell it or that the label is available when you run this statement in your application (the missing relationship type is: CROSS_REFERS_TO)} {position: line: 1, column: 13, offset: 12} for query: 'MATCH ()-[r:CROSS_REFERS_TO]->() RETURN count(r)'
INFO - 
======================================================================
ðŸ“Š Graph Database í†µê³„
======================================================================

[ë²•ë ¹ë³„ ì¡°í•­ ìˆ˜]

ê±´ì¶•ë²•
  Act     :  147ê°œ
  Decree  :  136ê°œ
  Rule    :   67ê°œ


ê±´ì¶•ë¬¼ê´€ë¦¬ë²•
  Act     :   59ê°œ
  Decree  :   44ê°œ
  Rule    :   25ê°œ


ì „ì²´ ë…¸ë“œ:
  Article  : 478
  Clause   : 1,407
  Item     : 1,724
  Subitem  : 280
  í•©ê³„     : 3,889

[ê´€ê³„:]
  CONTAINS       : 3,411
  REFERS_TO      : 1,385
  DELEGATES_TO   : 356
  CROSS_REFERS_TO: 0
  í•©ê³„           : 5,152
======================================================================

INFO - âœ… ëª¨ë“  ìž‘ì—… ì™„ë£Œ!
INFO - 

######################################################################
INFO - ðŸš€ ì‹¤í–‰ ì‹œìž‘: 2025-12-18 13:27:14
INFO - ######################################################################

INFO - âœ… Neo4j ì—°ê²°
INFO - âœ… ì¸ë±ìŠ¤
INFO - 
======================================================================
INFO - ê±´ì¶•ë²• ì²˜ë¦¬
INFO - ======================================================================
INFO - ðŸ“„ ê±´ì¶•ë²•(ë²•ë¥ )(ì œ21065í˜¸)(20251001).pdf
INFO - âœ… 97,345ìž (ëª©ì°¨ 4p ì œì™¸)
INFO - âœ… BUILDING-Act: 147ê°œ ì¡°í•­
INFO - ðŸ”¨ BUILDING-Act (BuildingAct) êµ¬ì¶•...
INFO - âœ… BUILDING-Act
INFO - ðŸ“„ ê±´ì¶•ë²• ì‹œí–‰ë ¹(ëŒ€í†µë ¹ë ¹)(ì œ35811í˜¸)(20251001).pdf
INFO - âœ… 125,803ìž (ëª©ì°¨ 5p ì œì™¸)
INFO - âœ… BUILDING-Decree: 136ê°œ ì¡°í•­
INFO - ðŸ”¨ BUILDING-Decree (BuildingDecree) êµ¬ì¶•...
INFO - âœ… BUILDING-Decree
INFO - ðŸ“„ ê±´ì¶•ë²• ì‹œí–‰ê·œì¹™(êµ­í† êµí†µë¶€ë ¹)(ì œ01531í˜¸)(20251031).pdf
INFO - âœ… 44,065ìž (ëª©ì°¨ 2p ì œì™¸)
INFO - âœ… BUILDING-Rule: 67ê°œ ì¡°í•­
INFO - ðŸ”¨ BUILDING-Rule (BuildingRule) êµ¬ì¶•...
INFO - âœ… BUILDING-Rule
INFO - 
======================================================================
INFO - ê±´ì¶•ë¬¼ê´€ë¦¬ë²• ì²˜ë¦¬
INFO - ======================================================================
INFO - ðŸ“„ ê±´ì¶•ë¬¼ê´€ë¦¬ë²•(ë²•ë¥ )(ì œ20549í˜¸)(20250604).pdf
INFO - âœ… 35,954ìž (ëª©ì°¨ 2p ì œì™¸)
INFO - âœ… BUILDING_MGMT-Act: 59ê°œ ì¡°í•­
INFO - ðŸ”¨ BUILDING_MGMT-Act (BuildingMgmtAct) êµ¬ì¶•...
INFO - âœ… BUILDING_MGMT-Act
INFO - ðŸ“„ ê±´ì¶•ë¬¼ê´€ë¦¬ë²• ì‹œí–‰ë ¹(ëŒ€í†µë ¹ë ¹)(ì œ35549í˜¸)(20250604).pdf
INFO - âœ… 28,564ìž (ëª©ì°¨ 0p ì œì™¸)
INFO - âœ… BUILDING_MGMT-Decree: 44ê°œ ì¡°í•­
INFO - ðŸ”¨ BUILDING_MGMT-Decree (BuildingMgmtDecree) êµ¬ì¶•...
INFO - âœ… BUILDING_MGMT-Decree
INFO - ðŸ“„ ê±´ì¶•ë¬¼ê´€ë¦¬ë²• ì‹œí–‰ê·œì¹™(êµ­í† êµí†µë¶€ë ¹)(ì œ01495í˜¸)(20250602).pdf
INFO - âœ… 12,757ìž (ëª©ì°¨ 1p ì œì™¸)
INFO - âœ… BUILDING_MGMT-Rule: 25ê°œ ì¡°í•­
INFO - ðŸ”¨ BUILDING_MGMT-Rule (BuildingMgmtRule) êµ¬ì¶•...
INFO - âœ… BUILDING_MGMT-Rule
INFO - 
======================================================================
INFO - ðŸ”— ê´€ê³„ ìƒì„±...
INFO - ðŸ” ì´ 478ê°œ ì¡°í•­ ë¶„ì„ ì‹œìž‘...
INFO - ðŸ’¾ REFERS_TO 2666ê°œ ì €ìž¥ ì¤‘...
INFO - ðŸ’¾ DELEGATES_TO 623ê°œ ì €ìž¥ ì¤‘...
INFO - ðŸ’¾ CROSS_REFERS_TO 0ê°œ ì €ìž¥ ì¤‘...
INFO - âœ… ê´€ê³„ ìƒì„± ì™„ë£Œ
WARNING - Received notification from DBMS server: {severity: WARNING} {code: Neo.ClientNotification.Statement.UnknownRelationshipTypeWarning} {category: UNRECOGNIZED} {title: The provided relationship type is not in the database.} {description: One of the relationship types in your query is not available in the database, make sure you didn't misspell it or that the label is available when you run this statement in your application (the missing relationship type is: CROSS_REFERS_TO)} {position: line: 1, column: 13, offset: 12} for query: 'MATCH ()-[r:CROSS_REFERS_TO]->() RETURN count(r)'
INFO - 
======================================================================
ðŸ“Š Graph Database í†µê³„
======================================================================

[ë²•ë ¹ë³„ ì¡°í•­ ìˆ˜]

ê±´ì¶•ë²•
  Act     :  147ê°œ
  Decree  :  136ê°œ
  Rule    :   67ê°œ


ê±´ì¶•ë¬¼ê´€ë¦¬ë²•
  Act     :   59ê°œ
  Decree  :   44ê°œ
  Rule    :   25ê°œ


ì „ì²´ ë…¸ë“œ:
  Article  : 478
  Clause   : 1,407
  Item     : 1,724
  Subitem  : 280
  í•©ê³„     : 3,889

[ê´€ê³„:]
  CONTAINS       : 3,411
  REFERS_TO      : 1,385
  DELEGATES_TO   : 356
  CROSS_REFERS_TO: 0
  í•©ê³„           : 5,152
======================================================================

INFO - âœ… ëª¨ë“  ìž‘ì—… ì™„ë£Œ!
